11:51:12 ERROR - ERROR while playing card [MINION 'Houndmaster' Manacost:4] reference: [CardReference playerId:0 cardName:Houndmaster cardLocation:HAND cardId:111]
11:51:12 ERROR - Player1: 'Player 1' (Rexxar)
11:51:12 ERROR - Player2: 'Player 2' (Rexxar)
11:55:09 ERROR - ERROR while playing card [MINION 'Dark Iron Dwarf' Manacost:4] reference: [CardReference playerId:0 cardName:Dark Iron Dwarf cardLocation:HAND cardId:66]
11:55:09 ERROR - Player1: 'Player 1' (Rexxar)
11:55:09 ERROR - Player2: 'Player 2' (Rexxar)
11:55:58 ERROR - ERROR while playing card [MINION 'Ironforge Rifleman' Manacost:3] reference: [CardReference playerId:0 cardName:Ironforge Rifleman cardLocation:HAND cardId:77]
11:55:58 ERROR - Player1: 'Player 1' (Rexxar)
11:55:58 ERROR - Player2: 'Player 2' (Rexxar)
11:56:23 ERROR - ERROR while playing card [MINION 'Abusive Sergeant' Manacost:1] reference: [CardReference playerId:0 cardName:Abusive Sergeant cardLocation:HAND cardId:105]
11:56:23 ERROR - Player1: 'Player 1' (Rexxar)
11:56:23 ERROR - Player2: 'Player 2' (Rexxar)
11:57:57 ERROR - ERROR while playing card [MINION 'Houndmaster' Manacost:4] reference: [CardReference playerId:0 cardName:Houndmaster cardLocation:HAND cardId:67]
11:57:57 ERROR - Player1: 'Player 1' (Rexxar)
11:57:57 ERROR - Player2: 'Player 2' (Rexxar)
12:05:28 ERROR - ERROR while playing card [MINION 'Elven Archer' Manacost:1] reference: [CardReference playerId:0 cardName:Elven Archer cardLocation:HAND cardId:120]
12:05:28 ERROR - Player1: 'Player 1' (Rexxar)
12:05:28 ERROR - Player2: 'Player 2' (Rexxar)
12:06:50 ERROR - ERROR while playing card [MINION 'Priestess of Elune' Manacost:6] reference: [CardReference playerId:0 cardName:Priestess of Elune cardLocation:HAND cardId:146]
12:06:50 ERROR - Player1: 'Player 1' (Rexxar)
12:06:50 ERROR - Player2: 'Player 2' (Rexxar)
12:09:01 ERROR - ERROR while playing card [MINION 'Dark Iron Dwarf' Manacost:4] reference: [CardReference playerId:0 cardName:Dark Iron Dwarf cardLocation:HAND cardId:87]
12:09:01 ERROR - Player1: 'Player 1' (Rexxar)
12:09:01 ERROR - Player2: 'Player 2' (Rexxar)
12:12:38 ERROR - ERROR while playing card [MINION 'Houndmaster' Manacost:4] reference: [CardReference playerId:0 cardName:Houndmaster cardLocation:HAND cardId:103]
12:12:38 ERROR - Player1: 'Player 1' (Rexxar)
12:12:38 ERROR - Player2: 'Player 2' (Rexxar)
12:13:11 ERROR - ERROR while playing card [MINION 'Big Game Hunter' Manacost:3] reference: [CardReference playerId:0 cardName:Big Game Hunter cardLocation:HAND cardId:96]
12:13:11 ERROR - Player1: 'Player 1' (Rexxar)
12:13:11 ERROR - Player2: 'Player 2' (Rexxar)
12:13:47 ERROR - ERROR while playing card [MINION 'Spellbreaker' Manacost:4] reference: [CardReference playerId:0 cardName:Spellbreaker cardLocation:HAND cardId:122]
12:13:47 ERROR - Player1: 'Player 1' (Rexxar)
12:13:47 ERROR - Player2: 'Player 2' (Rexxar)
12:17:22 ERROR - ERROR while playing card [MINION 'Faceless Manipulator' Manacost:5] reference: [CardReference playerId:0 cardName:Faceless Manipulator cardLocation:HAND cardId:105]
12:17:22 ERROR - Player1: 'Player 1' (Rexxar)
12:17:22 ERROR - Player2: 'Player 2' (Rexxar)
12:19:07 ERROR - ERROR while playing card [MINION 'Spellbreaker' Manacost:4] reference: [CardReference playerId:0 cardName:Spellbreaker cardLocation:HAND cardId:115]
12:19:07 ERROR - Player1: 'Player 1' (Rexxar)
12:19:07 ERROR - Player2: 'Player 2' (Rexxar)
12:20:29 ERROR - ERROR while playing card [MINION 'Stormpike Commando' Manacost:5] reference: [CardReference playerId:0 cardName:Stormpike Commando cardLocation:HAND cardId:109]
12:20:29 ERROR - Player1: 'Player 1' (Rexxar)
12:20:29 ERROR - Player2: 'Player 2' (Rexxar)
